2023-05-08 16:07:12,550 INFO    StreamThr :8964 [internal.py:wandb_internal():86] W&B internal server running at pid: 8964, started at: 2023-05-08 16:07:12.550230
2023-05-08 16:07:12,552 DEBUG   HandlerThread:8964 [handler.py:handle_request():144] handle_request: status
2023-05-08 16:07:12,565 INFO    WriterThread:8964 [datastore.py:open_for_write():85] open: D:\code\AI-TaxingPolicy\AI-TaxingPolicy\agents\models\independent_ppo\run2\wandb\run-20230508_160712-ytd4snom\run-ytd4snom.wandb
2023-05-08 16:07:12,566 DEBUG   SenderThread:8964 [sender.py:send():375] send: header
2023-05-08 16:07:12,566 DEBUG   SenderThread:8964 [sender.py:send():375] send: run
2023-05-08 16:07:17,568 DEBUG   HandlerThread:8964 [handler.py:handle_request():144] handle_request: keepalive
2023-05-08 16:07:22,570 DEBUG   HandlerThread:8964 [handler.py:handle_request():144] handle_request: keepalive
2023-05-08 16:07:27,572 DEBUG   HandlerThread:8964 [handler.py:handle_request():144] handle_request: keepalive
2023-05-08 16:07:32,572 DEBUG   HandlerThread:8964 [handler.py:handle_request():144] handle_request: keepalive
2023-05-08 16:07:37,575 DEBUG   HandlerThread:8964 [handler.py:handle_request():144] handle_request: keepalive
2023-05-08 16:07:42,101 INFO    SenderThread:8964 [dir_watcher.py:__init__():219] watching files in: D:\code\AI-TaxingPolicy\AI-TaxingPolicy\agents\models\independent_ppo\run2\wandb\run-20230508_160712-ytd4snom\files
2023-05-08 16:07:42,101 INFO    SenderThread:8964 [sender.py:_start_run_threads():1124] run started: ytd4snom with start time 1683533232.555231
2023-05-08 16:07:42,101 DEBUG   SenderThread:8964 [sender.py:send_request():402] send_request: summary_record
2023-05-08 16:07:42,101 DEBUG   HandlerThread:8964 [handler.py:handle_request():144] handle_request: status_report
2023-05-08 16:07:42,103 DEBUG   HandlerThread:8964 [handler.py:handle_request():144] handle_request: check_version
2023-05-08 16:07:42,103 INFO    SenderThread:8964 [sender.py:_save_file():1378] saving file wandb-summary.json with policy end
2023-05-08 16:07:42,103 DEBUG   SenderThread:8964 [sender.py:send_request():402] send_request: check_version
2023-05-08 16:07:43,104 INFO    Thread-12 :8964 [dir_watcher.py:_on_file_created():278] file/dir created: D:\code\AI-TaxingPolicy\AI-TaxingPolicy\agents\models\independent_ppo\run2\wandb\run-20230508_160712-ytd4snom\files\wandb-summary.json
2023-05-08 16:07:45,126 DEBUG   HandlerThread:8964 [handler.py:handle_request():144] handle_request: run_start
2023-05-08 16:07:45,156 DEBUG   HandlerThread:8964 [system_info.py:__init__():31] System info init
2023-05-08 16:07:45,156 DEBUG   HandlerThread:8964 [system_info.py:__init__():46] System info init done
2023-05-08 16:07:45,156 INFO    HandlerThread:8964 [system_monitor.py:start():181] Starting system monitor
2023-05-08 16:07:45,156 INFO    SystemMonitor:8964 [system_monitor.py:_start():145] Starting system asset monitoring threads
2023-05-08 16:07:45,156 INFO    HandlerThread:8964 [system_monitor.py:probe():201] Collecting system info
2023-05-08 16:07:45,160 INFO    SystemMonitor:8964 [interfaces.py:start():190] Started cpu monitoring
2023-05-08 16:07:45,160 INFO    SystemMonitor:8964 [interfaces.py:start():190] Started disk monitoring
2023-05-08 16:07:45,162 INFO    SystemMonitor:8964 [interfaces.py:start():190] Started gpu monitoring
2023-05-08 16:07:45,169 INFO    SystemMonitor:8964 [interfaces.py:start():190] Started memory monitoring
2023-05-08 16:07:45,178 INFO    SystemMonitor:8964 [interfaces.py:start():190] Started network monitoring
2023-05-08 16:07:45,190 DEBUG   HandlerThread:8964 [system_info.py:probe():195] Probing system
2023-05-08 16:07:45,190 DEBUG   HandlerThread:8964 [system_info.py:probe():240] Probing system done
2023-05-08 16:07:45,190 DEBUG   HandlerThread:8964 [system_monitor.py:probe():210] {'os': 'Windows-10-10.0.23451-SP0', 'python': '3.9.16', 'heartbeatAt': '2023-05-08T08:07:45.190342', 'startedAt': '2023-05-08T08:07:12.534479', 'docker': None, 'cuda': None, 'args': ('--device-num', '0', '--n_households', '100', '--alg', 'ppo'), 'state': 'running', 'program': 'D:\\code\\AI-TaxingPolicy\\AI-TaxingPolicy\\main.py', 'codePath': 'main.py', 'host': 'RICE-PC', 'username': 'LENOVO', 'executable': 'C:\\Users\\LENOVO\\anaconda3\\envs\\paper\\python.exe', 'cpu_count': 6, 'cpu_count_logical': 12, 'cpu_freq': {'current': 2500.0, 'min': 0.0, 'max': 2500.0}, 'cpu_freq_per_core': [{'current': 2500.0, 'min': 0.0, 'max': 2500.0}], 'disk': {'total': 274.71581649780273, 'used': 60.57857131958008}, 'gpu': 'NVIDIA GeForce RTX 3060', 'gpu_count': 1, 'gpu_devices': [{'name': 'NVIDIA GeForce RTX 3060', 'memory_total': 12884901888}], 'memory': {'total': 31.79241943359375}}
2023-05-08 16:07:45,190 INFO    HandlerThread:8964 [system_monitor.py:probe():211] Finished collecting system info
2023-05-08 16:07:45,190 INFO    HandlerThread:8964 [system_monitor.py:probe():214] Publishing system info
2023-05-08 16:07:45,190 DEBUG   HandlerThread:8964 [system_info.py:_save_pip():51] Saving list of pip packages installed into the current environment
2023-05-08 16:07:45,190 DEBUG   HandlerThread:8964 [system_info.py:_save_pip():67] Saving pip packages done
2023-05-08 16:07:45,191 DEBUG   HandlerThread:8964 [system_info.py:_save_conda():74] Saving list of conda packages installed into the current environment
2023-05-08 16:07:46,131 INFO    Thread-12 :8964 [dir_watcher.py:_on_file_created():278] file/dir created: D:\code\AI-TaxingPolicy\AI-TaxingPolicy\agents\models\independent_ppo\run2\wandb\run-20230508_160712-ytd4snom\files\requirements.txt
2023-05-08 16:07:46,131 INFO    Thread-12 :8964 [dir_watcher.py:_on_file_created():278] file/dir created: D:\code\AI-TaxingPolicy\AI-TaxingPolicy\agents\models\independent_ppo\run2\wandb\run-20230508_160712-ytd4snom\files\conda-environment.yaml
2023-05-08 16:07:50,768 DEBUG   HandlerThread:8964 [system_info.py:_save_conda():86] Saving conda packages done
2023-05-08 16:07:50,768 INFO    HandlerThread:8964 [system_monitor.py:probe():216] Finished publishing system info
2023-05-08 16:07:50,774 DEBUG   HandlerThread:8964 [handler.py:handle_request():144] handle_request: status_report
2023-05-08 16:07:50,774 DEBUG   HandlerThread:8964 [handler.py:handle_request():144] handle_request: keepalive
2023-05-08 16:07:50,775 DEBUG   SenderThread:8964 [sender.py:send():375] send: files
2023-05-08 16:07:50,775 INFO    SenderThread:8964 [sender.py:_save_file():1378] saving file wandb-metadata.json with policy now
2023-05-08 16:07:50,780 DEBUG   HandlerThread:8964 [handler.py:handle_request():144] handle_request: stop_status
2023-05-08 16:07:50,781 DEBUG   SenderThread:8964 [sender.py:send_request():402] send_request: stop_status
2023-05-08 16:07:51,177 INFO    Thread-12 :8964 [dir_watcher.py:_on_file_modified():295] file/dir modified: D:\code\AI-TaxingPolicy\AI-TaxingPolicy\agents\models\independent_ppo\run2\wandb\run-20230508_160712-ytd4snom\files\conda-environment.yaml
2023-05-08 16:07:51,177 INFO    Thread-12 :8964 [dir_watcher.py:_on_file_created():278] file/dir created: D:\code\AI-TaxingPolicy\AI-TaxingPolicy\agents\models\independent_ppo\run2\wandb\run-20230508_160712-ytd4snom\files\wandb-metadata.json
2023-05-08 16:07:51,473 DEBUG   SenderThread:8964 [sender.py:send():375] send: telemetry
2023-05-08 16:07:52,188 INFO    Thread-12 :8964 [dir_watcher.py:_on_file_created():278] file/dir created: D:\code\AI-TaxingPolicy\AI-TaxingPolicy\agents\models\independent_ppo\run2\wandb\run-20230508_160712-ytd4snom\files\output.log
2023-05-08 16:07:52,483 DEBUG   HandlerThread:8964 [handler.py:handle_request():144] handle_request: status_report
2023-05-08 16:07:54,204 INFO    Thread-12 :8964 [dir_watcher.py:_on_file_modified():295] file/dir modified: D:\code\AI-TaxingPolicy\AI-TaxingPolicy\agents\models\independent_ppo\run2\wandb\run-20230508_160712-ytd4snom\files\output.log
2023-05-08 16:07:57,541 DEBUG   HandlerThread:8964 [handler.py:handle_request():144] handle_request: status_report
2023-05-08 16:08:02,597 DEBUG   HandlerThread:8964 [handler.py:handle_request():144] handle_request: status_report
2023-05-08 16:08:05,773 DEBUG   HandlerThread:8964 [handler.py:handle_request():144] handle_request: stop_status
2023-05-08 16:08:05,773 DEBUG   SenderThread:8964 [sender.py:send_request():402] send_request: stop_status
2023-05-08 16:08:08,529 DEBUG   HandlerThread:8964 [handler.py:handle_request():144] handle_request: status_report
2023-05-08 16:08:13,557 DEBUG   HandlerThread:8964 [handler.py:handle_request():144] handle_request: status_report
2023-05-08 16:08:18,612 DEBUG   HandlerThread:8964 [handler.py:handle_request():144] handle_request: status_report
2023-05-08 16:08:20,433 INFO    Thread-12 :8964 [dir_watcher.py:_on_file_modified():295] file/dir modified: D:\code\AI-TaxingPolicy\AI-TaxingPolicy\agents\models\independent_ppo\run2\wandb\run-20230508_160712-ytd4snom\files\config.yaml
2023-05-08 16:08:20,779 DEBUG   HandlerThread:8964 [handler.py:handle_request():144] handle_request: stop_status
2023-05-08 16:08:20,779 DEBUG   SenderThread:8964 [sender.py:send_request():402] send_request: stop_status
2023-05-08 16:08:25,513 DEBUG   HandlerThread:8964 [handler.py:handle_request():144] handle_request: status_report
2023-05-08 16:08:26,179 WARNING FileStreamThread:8964 [file_stream.py:request_with_retry():670] requests_with_retry encountered retryable exception: HTTPSConnectionPool(host='api.wandb.ai', port=443): Max retries exceeded with url: /files/ai_tax/AI_TaxingPolicy/ytd4snom/file_stream (Caused by SSLError(SSLEOFError(8, 'EOF occurred in violation of protocol (_ssl.c:1129)'))). func: <bound method Session.post of <requests.sessions.Session object at 0x000001ABB78225B0>>, args: ('https://api.wandb.ai/files/ai_tax/AI_TaxingPolicy/ytd4snom/file_stream',), kwargs: {'json': {'files': {'wandb-summary.json': {'offset': 0, 'content': ['{}']}}, 'dropped': 0}}
2023-05-08 16:08:30,555 DEBUG   HandlerThread:8964 [handler.py:handle_request():144] handle_request: status_report
2023-05-08 16:08:35,598 DEBUG   HandlerThread:8964 [handler.py:handle_request():144] handle_request: status_report
2023-05-08 16:08:35,776 DEBUG   HandlerThread:8964 [handler.py:handle_request():144] handle_request: stop_status
2023-05-08 16:08:35,777 DEBUG   SenderThread:8964 [sender.py:send_request():402] send_request: stop_status
2023-05-08 16:08:38,617 DEBUG   SenderThread:8964 [sender.py:send():375] send: exit
2023-05-08 16:08:38,617 INFO    SenderThread:8964 [sender.py:send_exit():598] handling exit code: 1
2023-05-08 16:08:38,617 INFO    SenderThread:8964 [sender.py:send_exit():600] handling runtime: 53
2023-05-08 16:08:38,617 INFO    SenderThread:8964 [sender.py:_save_file():1378] saving file wandb-summary.json with policy end
2023-05-08 16:08:38,618 INFO    SenderThread:8964 [sender.py:send_exit():606] send defer
2023-05-08 16:08:38,618 DEBUG   HandlerThread:8964 [handler.py:handle_request():144] handle_request: defer
2023-05-08 16:08:38,618 INFO    HandlerThread:8964 [handler.py:handle_request_defer():170] handle defer: 0
2023-05-08 16:08:38,618 DEBUG   SenderThread:8964 [sender.py:send_request():402] send_request: defer
2023-05-08 16:08:38,618 INFO    SenderThread:8964 [sender.py:send_request_defer():622] handle sender defer: 0
2023-05-08 16:08:38,618 INFO    SenderThread:8964 [sender.py:transition_state():626] send defer: 1
2023-05-08 16:08:38,618 DEBUG   HandlerThread:8964 [handler.py:handle_request():144] handle_request: defer
2023-05-08 16:08:38,618 INFO    HandlerThread:8964 [handler.py:handle_request_defer():170] handle defer: 1
2023-05-08 16:08:38,618 DEBUG   SenderThread:8964 [sender.py:send_request():402] send_request: defer
2023-05-08 16:08:38,618 INFO    SenderThread:8964 [sender.py:send_request_defer():622] handle sender defer: 1
2023-05-08 16:08:38,618 INFO    SenderThread:8964 [sender.py:transition_state():626] send defer: 2
2023-05-08 16:08:38,618 DEBUG   HandlerThread:8964 [handler.py:handle_request():144] handle_request: defer
2023-05-08 16:08:38,618 INFO    HandlerThread:8964 [handler.py:handle_request_defer():170] handle defer: 2
2023-05-08 16:08:38,618 INFO    HandlerThread:8964 [system_monitor.py:finish():190] Stopping system monitor
2023-05-08 16:08:38,618 DEBUG   SystemMonitor:8964 [system_monitor.py:_start():159] Starting system metrics aggregation loop
2023-05-08 16:08:38,619 INFO    HandlerThread:8964 [interfaces.py:finish():202] Joined cpu monitor
2023-05-08 16:08:38,619 DEBUG   SystemMonitor:8964 [system_monitor.py:_start():166] Finished system metrics aggregation loop
2023-05-08 16:08:38,625 INFO    HandlerThread:8964 [interfaces.py:finish():202] Joined disk monitor
2023-05-08 16:08:38,625 DEBUG   SystemMonitor:8964 [system_monitor.py:_start():170] Publishing last batch of metrics
2023-05-08 16:08:38,654 INFO    HandlerThread:8964 [interfaces.py:finish():202] Joined gpu monitor
2023-05-08 16:08:38,654 INFO    HandlerThread:8964 [interfaces.py:finish():202] Joined memory monitor
2023-05-08 16:08:38,654 INFO    HandlerThread:8964 [interfaces.py:finish():202] Joined network monitor
2023-05-08 16:08:38,655 DEBUG   SenderThread:8964 [sender.py:send_request():402] send_request: defer
2023-05-08 16:08:38,655 INFO    SenderThread:8964 [sender.py:send_request_defer():622] handle sender defer: 2
2023-05-08 16:08:38,655 INFO    SenderThread:8964 [sender.py:transition_state():626] send defer: 3
2023-05-08 16:08:38,655 DEBUG   SenderThread:8964 [sender.py:send():375] send: stats
2023-05-08 16:08:38,655 DEBUG   HandlerThread:8964 [handler.py:handle_request():144] handle_request: defer
2023-05-08 16:08:38,656 INFO    HandlerThread:8964 [handler.py:handle_request_defer():170] handle defer: 3
2023-05-08 16:08:38,656 DEBUG   SenderThread:8964 [sender.py:send_request():402] send_request: defer
2023-05-08 16:08:38,656 INFO    SenderThread:8964 [sender.py:send_request_defer():622] handle sender defer: 3
2023-05-08 16:08:38,656 INFO    SenderThread:8964 [sender.py:transition_state():626] send defer: 4
2023-05-08 16:08:38,656 DEBUG   HandlerThread:8964 [handler.py:handle_request():144] handle_request: defer
2023-05-08 16:08:38,656 INFO    HandlerThread:8964 [handler.py:handle_request_defer():170] handle defer: 4
2023-05-08 16:08:38,656 DEBUG   SenderThread:8964 [sender.py:send_request():402] send_request: defer
2023-05-08 16:08:38,656 INFO    SenderThread:8964 [sender.py:send_request_defer():622] handle sender defer: 4
2023-05-08 16:08:38,656 INFO    SenderThread:8964 [sender.py:transition_state():626] send defer: 5
2023-05-08 16:08:38,656 DEBUG   HandlerThread:8964 [handler.py:handle_request():144] handle_request: defer
2023-05-08 16:08:38,656 INFO    HandlerThread:8964 [handler.py:handle_request_defer():170] handle defer: 5
2023-05-08 16:08:38,656 DEBUG   SenderThread:8964 [sender.py:send():375] send: summary
2023-05-08 16:08:38,657 INFO    SenderThread:8964 [sender.py:_save_file():1378] saving file wandb-summary.json with policy end
2023-05-08 16:08:38,657 DEBUG   SenderThread:8964 [sender.py:send_request():402] send_request: defer
2023-05-08 16:08:38,657 INFO    SenderThread:8964 [sender.py:send_request_defer():622] handle sender defer: 5
2023-05-08 16:08:38,657 INFO    SenderThread:8964 [sender.py:transition_state():626] send defer: 6
2023-05-08 16:08:38,657 DEBUG   HandlerThread:8964 [handler.py:handle_request():144] handle_request: defer
2023-05-08 16:08:38,657 INFO    HandlerThread:8964 [handler.py:handle_request_defer():170] handle defer: 6
2023-05-08 16:08:38,658 DEBUG   SenderThread:8964 [sender.py:send_request():402] send_request: defer
2023-05-08 16:08:38,658 INFO    SenderThread:8964 [sender.py:send_request_defer():622] handle sender defer: 6
2023-05-08 16:08:38,658 INFO    SenderThread:8964 [sender.py:transition_state():626] send defer: 7
2023-05-08 16:08:38,658 DEBUG   HandlerThread:8964 [handler.py:handle_request():144] handle_request: status_report
2023-05-08 16:08:38,658 DEBUG   HandlerThread:8964 [handler.py:handle_request():144] handle_request: defer
2023-05-08 16:08:38,658 INFO    HandlerThread:8964 [handler.py:handle_request_defer():170] handle defer: 7
2023-05-08 16:08:38,658 DEBUG   SenderThread:8964 [sender.py:send_request():402] send_request: defer
2023-05-08 16:08:38,658 INFO    SenderThread:8964 [sender.py:send_request_defer():622] handle sender defer: 7
2023-05-08 16:08:39,599 INFO    Thread-12 :8964 [dir_watcher.py:_on_file_modified():295] file/dir modified: D:\code\AI-TaxingPolicy\AI-TaxingPolicy\agents\models\independent_ppo\run2\wandb\run-20230508_160712-ytd4snom\files\wandb-summary.json
2023-05-08 16:08:39,630 DEBUG   HandlerThread:8964 [handler.py:handle_request():144] handle_request: poll_exit
2023-05-08 16:08:40,624 INFO    SenderThread:8964 [sender.py:transition_state():626] send defer: 8
2023-05-08 16:08:40,624 DEBUG   SenderThread:8964 [sender.py:send_request():402] send_request: poll_exit
2023-05-08 16:08:40,624 DEBUG   HandlerThread:8964 [handler.py:handle_request():144] handle_request: defer
2023-05-08 16:08:40,624 INFO    HandlerThread:8964 [handler.py:handle_request_defer():170] handle defer: 8
2023-05-08 16:08:40,624 DEBUG   SenderThread:8964 [sender.py:send_request():402] send_request: defer
2023-05-08 16:08:40,625 INFO    SenderThread:8964 [sender.py:send_request_defer():622] handle sender defer: 8
2023-05-08 16:08:40,625 INFO    SenderThread:8964 [sender.py:transition_state():626] send defer: 9
2023-05-08 16:08:40,625 DEBUG   HandlerThread:8964 [handler.py:handle_request():144] handle_request: defer
2023-05-08 16:08:40,625 INFO    HandlerThread:8964 [handler.py:handle_request_defer():170] handle defer: 9
2023-05-08 16:08:40,625 DEBUG   SenderThread:8964 [sender.py:send_request():402] send_request: defer
2023-05-08 16:08:40,625 INFO    SenderThread:8964 [sender.py:send_request_defer():622] handle sender defer: 9
2023-05-08 16:08:40,625 INFO    SenderThread:8964 [dir_watcher.py:finish():365] shutting down directory watcher
2023-05-08 16:08:40,639 DEBUG   HandlerThread:8964 [handler.py:handle_request():144] handle_request: poll_exit
2023-05-08 16:08:41,623 INFO    SenderThread:8964 [dir_watcher.py:_on_file_modified():295] file/dir modified: D:\code\AI-TaxingPolicy\AI-TaxingPolicy\agents\models\independent_ppo\run2\wandb\run-20230508_160712-ytd4snom\files\output.log
2023-05-08 16:08:41,624 INFO    SenderThread:8964 [dir_watcher.py:finish():395] scan: D:\code\AI-TaxingPolicy\AI-TaxingPolicy\agents\models\independent_ppo\run2\wandb\run-20230508_160712-ytd4snom\files
2023-05-08 16:08:41,624 INFO    SenderThread:8964 [dir_watcher.py:finish():409] scan save: D:\code\AI-TaxingPolicy\AI-TaxingPolicy\agents\models\independent_ppo\run2\wandb\run-20230508_160712-ytd4snom\files\conda-environment.yaml conda-environment.yaml
2023-05-08 16:08:41,625 INFO    SenderThread:8964 [dir_watcher.py:finish():409] scan save: D:\code\AI-TaxingPolicy\AI-TaxingPolicy\agents\models\independent_ppo\run2\wandb\run-20230508_160712-ytd4snom\files\config.yaml config.yaml
2023-05-08 16:08:41,626 INFO    SenderThread:8964 [dir_watcher.py:finish():409] scan save: D:\code\AI-TaxingPolicy\AI-TaxingPolicy\agents\models\independent_ppo\run2\wandb\run-20230508_160712-ytd4snom\files\output.log output.log
2023-05-08 16:08:41,628 INFO    SenderThread:8964 [dir_watcher.py:finish():409] scan save: D:\code\AI-TaxingPolicy\AI-TaxingPolicy\agents\models\independent_ppo\run2\wandb\run-20230508_160712-ytd4snom\files\requirements.txt requirements.txt
2023-05-08 16:08:41,632 INFO    SenderThread:8964 [dir_watcher.py:finish():409] scan save: D:\code\AI-TaxingPolicy\AI-TaxingPolicy\agents\models\independent_ppo\run2\wandb\run-20230508_160712-ytd4snom\files\wandb-metadata.json wandb-metadata.json
2023-05-08 16:08:41,632 INFO    SenderThread:8964 [dir_watcher.py:finish():409] scan save: D:\code\AI-TaxingPolicy\AI-TaxingPolicy\agents\models\independent_ppo\run2\wandb\run-20230508_160712-ytd4snom\files\wandb-summary.json wandb-summary.json
2023-05-08 16:08:41,636 INFO    SenderThread:8964 [sender.py:transition_state():626] send defer: 10
2023-05-08 16:08:41,636 DEBUG   SenderThread:8964 [sender.py:send_request():402] send_request: poll_exit
2023-05-08 16:08:41,636 DEBUG   HandlerThread:8964 [handler.py:handle_request():144] handle_request: defer
2023-05-08 16:08:41,636 INFO    HandlerThread:8964 [handler.py:handle_request_defer():170] handle defer: 10
2023-05-08 16:08:41,637 DEBUG   SenderThread:8964 [sender.py:send_request():402] send_request: defer
2023-05-08 16:08:41,638 INFO    SenderThread:8964 [sender.py:send_request_defer():622] handle sender defer: 10
2023-05-08 16:08:41,638 INFO    SenderThread:8964 [file_pusher.py:finish():168] shutting down file pusher
2023-05-08 16:08:41,653 DEBUG   HandlerThread:8964 [handler.py:handle_request():144] handle_request: poll_exit
2023-05-08 16:08:41,654 DEBUG   SenderThread:8964 [sender.py:send_request():402] send_request: poll_exit
2023-05-08 16:08:42,662 DEBUG   HandlerThread:8964 [handler.py:handle_request():144] handle_request: poll_exit
2023-05-08 16:08:42,663 DEBUG   SenderThread:8964 [sender.py:send_request():402] send_request: poll_exit
2023-05-08 16:08:43,671 DEBUG   HandlerThread:8964 [handler.py:handle_request():144] handle_request: poll_exit
2023-05-08 16:08:43,672 DEBUG   SenderThread:8964 [sender.py:send_request():402] send_request: poll_exit
2023-05-08 16:08:44,682 DEBUG   HandlerThread:8964 [handler.py:handle_request():144] handle_request: poll_exit
2023-05-08 16:08:44,682 DEBUG   SenderThread:8964 [sender.py:send_request():402] send_request: poll_exit
2023-05-08 16:08:45,694 DEBUG   HandlerThread:8964 [handler.py:handle_request():144] handle_request: poll_exit
2023-05-08 16:08:45,694 DEBUG   HandlerThread:8964 [handler.py:handle_request():144] handle_request: status_report
2023-05-08 16:08:45,694 DEBUG   SenderThread:8964 [sender.py:send_request():402] send_request: poll_exit
2023-05-08 16:08:46,708 DEBUG   HandlerThread:8964 [handler.py:handle_request():144] handle_request: poll_exit
2023-05-08 16:08:46,708 DEBUG   SenderThread:8964 [sender.py:send_request():402] send_request: poll_exit
2023-05-08 16:08:47,728 DEBUG   HandlerThread:8964 [handler.py:handle_request():144] handle_request: poll_exit
2023-05-08 16:08:47,728 DEBUG   SenderThread:8964 [sender.py:send_request():402] send_request: poll_exit
2023-05-08 16:08:48,734 DEBUG   HandlerThread:8964 [handler.py:handle_request():144] handle_request: poll_exit
2023-05-08 16:08:48,735 DEBUG   SenderThread:8964 [sender.py:send_request():402] send_request: poll_exit
2023-05-08 16:08:49,745 DEBUG   HandlerThread:8964 [handler.py:handle_request():144] handle_request: poll_exit
2023-05-08 16:08:49,746 DEBUG   SenderThread:8964 [sender.py:send_request():402] send_request: poll_exit
2023-05-08 16:08:50,759 DEBUG   HandlerThread:8964 [handler.py:handle_request():144] handle_request: status_report
2023-05-08 16:08:50,759 DEBUG   HandlerThread:8964 [handler.py:handle_request():144] handle_request: poll_exit
2023-05-08 16:08:50,759 DEBUG   SenderThread:8964 [sender.py:send_request():402] send_request: poll_exit
2023-05-08 16:08:51,771 DEBUG   HandlerThread:8964 [handler.py:handle_request():144] handle_request: poll_exit
2023-05-08 16:08:51,771 DEBUG   SenderThread:8964 [sender.py:send_request():402] send_request: poll_exit
2023-05-08 16:08:52,778 DEBUG   HandlerThread:8964 [handler.py:handle_request():144] handle_request: poll_exit
2023-05-08 16:08:52,778 DEBUG   SenderThread:8964 [sender.py:send_request():402] send_request: poll_exit
2023-05-08 16:08:53,783 DEBUG   HandlerThread:8964 [handler.py:handle_request():144] handle_request: poll_exit
2023-05-08 16:08:53,784 DEBUG   SenderThread:8964 [sender.py:send_request():402] send_request: poll_exit
2023-05-08 16:08:54,791 DEBUG   HandlerThread:8964 [handler.py:handle_request():144] handle_request: poll_exit
2023-05-08 16:08:54,792 DEBUG   SenderThread:8964 [sender.py:send_request():402] send_request: poll_exit
2023-05-08 16:08:55,805 DEBUG   HandlerThread:8964 [handler.py:handle_request():144] handle_request: poll_exit
2023-05-08 16:08:55,806 DEBUG   HandlerThread:8964 [handler.py:handle_request():144] handle_request: status_report
2023-05-08 16:08:55,806 DEBUG   SenderThread:8964 [sender.py:send_request():402] send_request: poll_exit
2023-05-08 16:08:56,817 DEBUG   HandlerThread:8964 [handler.py:handle_request():144] handle_request: poll_exit
2023-05-08 16:08:56,817 DEBUG   SenderThread:8964 [sender.py:send_request():402] send_request: poll_exit
2023-05-08 16:08:57,827 DEBUG   HandlerThread:8964 [handler.py:handle_request():144] handle_request: poll_exit
2023-05-08 16:08:57,828 DEBUG   SenderThread:8964 [sender.py:send_request():402] send_request: poll_exit
2023-05-08 16:08:58,836 DEBUG   HandlerThread:8964 [handler.py:handle_request():144] handle_request: poll_exit
2023-05-08 16:08:58,836 DEBUG   SenderThread:8964 [sender.py:send_request():402] send_request: poll_exit
2023-05-08 16:08:59,848 DEBUG   HandlerThread:8964 [handler.py:handle_request():144] handle_request: poll_exit
2023-05-08 16:08:59,848 DEBUG   SenderThread:8964 [sender.py:send_request():402] send_request: poll_exit
2023-05-08 16:09:00,863 DEBUG   HandlerThread:8964 [handler.py:handle_request():144] handle_request: poll_exit
2023-05-08 16:09:00,863 DEBUG   HandlerThread:8964 [handler.py:handle_request():144] handle_request: status_report
2023-05-08 16:09:00,863 DEBUG   SenderThread:8964 [sender.py:send_request():402] send_request: poll_exit
2023-05-08 16:09:01,864 DEBUG   HandlerThread:8964 [handler.py:handle_request():144] handle_request: poll_exit
2023-05-08 16:09:01,864 DEBUG   SenderThread:8964 [sender.py:send_request():402] send_request: poll_exit
2023-05-08 16:09:02,872 DEBUG   HandlerThread:8964 [handler.py:handle_request():144] handle_request: poll_exit
2023-05-08 16:09:02,873 DEBUG   SenderThread:8964 [sender.py:send_request():402] send_request: poll_exit
2023-05-08 16:09:03,886 DEBUG   HandlerThread:8964 [handler.py:handle_request():144] handle_request: poll_exit
2023-05-08 16:09:03,886 DEBUG   SenderThread:8964 [sender.py:send_request():402] send_request: poll_exit
2023-05-08 16:09:04,887 DEBUG   HandlerThread:8964 [handler.py:handle_request():144] handle_request: poll_exit
2023-05-08 16:09:04,888 DEBUG   SenderThread:8964 [sender.py:send_request():402] send_request: poll_exit
2023-05-08 16:09:05,895 DEBUG   HandlerThread:8964 [handler.py:handle_request():144] handle_request: status_report
2023-05-08 16:09:05,896 DEBUG   HandlerThread:8964 [handler.py:handle_request():144] handle_request: poll_exit
2023-05-08 16:09:05,896 DEBUG   SenderThread:8964 [sender.py:send_request():402] send_request: poll_exit
2023-05-08 16:09:06,898 DEBUG   HandlerThread:8964 [handler.py:handle_request():144] handle_request: poll_exit
2023-05-08 16:09:06,898 DEBUG   SenderThread:8964 [sender.py:send_request():402] send_request: poll_exit
2023-05-08 16:09:07,912 DEBUG   HandlerThread:8964 [handler.py:handle_request():144] handle_request: poll_exit
2023-05-08 16:09:07,913 DEBUG   SenderThread:8964 [sender.py:send_request():402] send_request: poll_exit
2023-05-08 16:09:08,923 DEBUG   HandlerThread:8964 [handler.py:handle_request():144] handle_request: poll_exit
2023-05-08 16:09:08,924 DEBUG   SenderThread:8964 [sender.py:send_request():402] send_request: poll_exit
2023-05-08 16:09:09,928 DEBUG   HandlerThread:8964 [handler.py:handle_request():144] handle_request: poll_exit
2023-05-08 16:09:09,929 DEBUG   SenderThread:8964 [sender.py:send_request():402] send_request: poll_exit
2023-05-08 16:09:10,346 WARNING FileStreamThread:8964 [file_stream.py:request_with_retry():670] requests_with_retry encountered retryable exception: HTTPSConnectionPool(host='api.wandb.ai', port=443): Max retries exceeded with url: /files/ai_tax/AI_TaxingPolicy/ytd4snom/file_stream (Caused by SSLError(SSLEOFError(8, 'EOF occurred in violation of protocol (_ssl.c:1129)'))). func: <bound method Session.post of <requests.sessions.Session object at 0x000001ABB78225B0>>, args: ('https://api.wandb.ai/files/ai_tax/AI_TaxingPolicy/ytd4snom/file_stream',), kwargs: {'json': {'files': {'wandb-summary.json': {'offset': 0, 'content': ['{}']}}, 'dropped': 0}}
2023-05-08 16:09:10,940 DEBUG   HandlerThread:8964 [handler.py:handle_request():144] handle_request: poll_exit
2023-05-08 16:09:10,940 DEBUG   HandlerThread:8964 [handler.py:handle_request():144] handle_request: status_report
2023-05-08 16:09:10,940 DEBUG   SenderThread:8964 [sender.py:send_request():402] send_request: poll_exit
2023-05-08 16:09:11,949 DEBUG   HandlerThread:8964 [handler.py:handle_request():144] handle_request: poll_exit
2023-05-08 16:09:11,949 DEBUG   SenderThread:8964 [sender.py:send_request():402] send_request: poll_exit
2023-05-08 16:09:12,961 DEBUG   HandlerThread:8964 [handler.py:handle_request():144] handle_request: poll_exit
2023-05-08 16:09:12,961 DEBUG   SenderThread:8964 [sender.py:send_request():402] send_request: poll_exit
2023-05-08 16:09:13,046 ERROR   wandb-upload_0:8964 [internal_api.py:upload_file():2099] upload_file exception https://storage.googleapis.com/wandb-production.appspot.com/ai_tax/AI_TaxingPolicy/ytd4snom/wandb-metadata.json?Expires=1683619727&GoogleAccessId=wandb-production%40appspot.gserviceaccount.com&Signature=DU5GHeO1tr4ixxgufJJIDxg5yKv%2BzKUXHnRHtieAg9CU48Zix0sPbds6CCMOS1mul9oWJrkBWL4qER5cQWxoPz5H9UtTEBfzE9ZeibhK7nTMrZapdBL4w%2FNs72tzHGWzCpthCg6YNL3HHDI9Re5hIdGrSUvTl5JQPZxVTVTcS40psn%2FLqK0FRGz63CqU7uGnS%2BmliJ4ipmfxRApEQCPQiVKX6xvCGdvYoRIO9w85TQfBmDEbOX9Wx7HJFDcsEo6gXvD%2F1WM96sL%2BE49y%2FFZs92al%2BAYu2nA4eiK%2FkZu0f1ACZNYH00%2B7F38IWEpm4D0fBuR15ErdNqAZ1bqC%2B50BWA%3D%3D: HTTPSConnectionPool(host='storage.googleapis.com', port=443): Max retries exceeded with url: /wandb-production.appspot.com/ai_tax/AI_TaxingPolicy/ytd4snom/wandb-metadata.json?Expires=1683619727&GoogleAccessId=wandb-production%40appspot.gserviceaccount.com&Signature=DU5GHeO1tr4ixxgufJJIDxg5yKv%2BzKUXHnRHtieAg9CU48Zix0sPbds6CCMOS1mul9oWJrkBWL4qER5cQWxoPz5H9UtTEBfzE9ZeibhK7nTMrZapdBL4w%2FNs72tzHGWzCpthCg6YNL3HHDI9Re5hIdGrSUvTl5JQPZxVTVTcS40psn%2FLqK0FRGz63CqU7uGnS%2BmliJ4ipmfxRApEQCPQiVKX6xvCGdvYoRIO9w85TQfBmDEbOX9Wx7HJFDcsEo6gXvD%2F1WM96sL%2BE49y%2FFZs92al%2BAYu2nA4eiK%2FkZu0f1ACZNYH00%2B7F38IWEpm4D0fBuR15ErdNqAZ1bqC%2B50BWA%3D%3D (Caused by SSLError(SSLEOFError(8, 'EOF occurred in violation of protocol (_ssl.c:1129)')))
2023-05-08 16:09:13,046 ERROR   wandb-upload_0:8964 [internal_api.py:upload_file():2101] upload_file request headers: {'User-Agent': 'python-requests/2.28.2', 'Accept-Encoding': 'gzip, deflate', 'Accept': '*/*', 'Connection': 'keep-alive', 'Content-Length': '1247'}
2023-05-08 16:09:13,046 ERROR   wandb-upload_0:8964 [internal_api.py:upload_file():2103] upload_file response body: 
2023-05-08 16:09:13,972 DEBUG   HandlerThread:8964 [handler.py:handle_request():144] handle_request: poll_exit
2023-05-08 16:09:13,973 DEBUG   SenderThread:8964 [sender.py:send_request():402] send_request: poll_exit
2023-05-08 16:09:14,645 ERROR   wandb-upload_2:8964 [internal_api.py:upload_file():2099] upload_file exception https://storage.googleapis.com/wandb-production.appspot.com/ai_tax/AI_TaxingPolicy/ytd4snom/config.yaml?Expires=1683619721&GoogleAccessId=wandb-production%40appspot.gserviceaccount.com&Signature=uewElyWYlxfoSAvBQYJGHc1nowsGAM54OOlqjjdtD9gheOYqcvVWIAKN0x3mACp42zubR7xcKieqpcUSOhWkoXGTrpTxz4gYS2SaLn3IukX%2FKyJFvAVBv2BSe%2B2EBCf%2F39v%2B8di4%2FVGLbmiVJQKaD%2Fds2KGKQgp6FhGSjOxtlcvJhyqBc1FbUgFVmMW5PNMF0QOXYbHoWZf6hPtB6C%2BiCpNrWPaNQWebnAzqmTj8IwWYQZ5ZGYI%2B8eWt3jUQfSxDTjXl9Y6QMeV8m9rEyE4wrzB1s8YOZsf1jI3Wm2Jv7GnSBn7p5bcqm7wK3Of%2B03nYKYEFM1bPlBbcnyDj3j2i2Q%3D%3D: HTTPSConnectionPool(host='storage.googleapis.com', port=443): Max retries exceeded with url: /wandb-production.appspot.com/ai_tax/AI_TaxingPolicy/ytd4snom/config.yaml?Expires=1683619721&GoogleAccessId=wandb-production%40appspot.gserviceaccount.com&Signature=uewElyWYlxfoSAvBQYJGHc1nowsGAM54OOlqjjdtD9gheOYqcvVWIAKN0x3mACp42zubR7xcKieqpcUSOhWkoXGTrpTxz4gYS2SaLn3IukX%2FKyJFvAVBv2BSe%2B2EBCf%2F39v%2B8di4%2FVGLbmiVJQKaD%2Fds2KGKQgp6FhGSjOxtlcvJhyqBc1FbUgFVmMW5PNMF0QOXYbHoWZf6hPtB6C%2BiCpNrWPaNQWebnAzqmTj8IwWYQZ5ZGYI%2B8eWt3jUQfSxDTjXl9Y6QMeV8m9rEyE4wrzB1s8YOZsf1jI3Wm2Jv7GnSBn7p5bcqm7wK3Of%2B03nYKYEFM1bPlBbcnyDj3j2i2Q%3D%3D (Caused by SSLError(SSLEOFError(8, 'EOF occurred in violation of protocol (_ssl.c:1129)')))
2023-05-08 16:09:14,645 ERROR   wandb-upload_2:8964 [internal_api.py:upload_file():2101] upload_file request headers: {'User-Agent': 'python-requests/2.28.2', 'Accept-Encoding': 'gzip, deflate', 'Accept': '*/*', 'Connection': 'keep-alive', 'Content-Length': '3137'}
2023-05-08 16:09:14,645 ERROR   wandb-upload_2:8964 [internal_api.py:upload_file():2103] upload_file response body: 
2023-05-08 16:09:14,979 DEBUG   HandlerThread:8964 [handler.py:handle_request():144] handle_request: poll_exit
2023-05-08 16:09:14,980 DEBUG   SenderThread:8964 [sender.py:send_request():402] send_request: poll_exit
2023-05-08 16:09:15,989 DEBUG   HandlerThread:8964 [handler.py:handle_request():144] handle_request: poll_exit
2023-05-08 16:09:15,989 DEBUG   HandlerThread:8964 [handler.py:handle_request():144] handle_request: status_report
2023-05-08 16:09:15,989 DEBUG   SenderThread:8964 [sender.py:send_request():402] send_request: poll_exit
2023-05-08 16:09:16,997 DEBUG   HandlerThread:8964 [handler.py:handle_request():144] handle_request: poll_exit
2023-05-08 16:09:16,997 DEBUG   SenderThread:8964 [sender.py:send_request():402] send_request: poll_exit
2023-05-08 16:09:18,003 DEBUG   HandlerThread:8964 [handler.py:handle_request():144] handle_request: poll_exit
2023-05-08 16:09:18,003 DEBUG   SenderThread:8964 [sender.py:send_request():402] send_request: poll_exit
2023-05-08 16:09:19,007 DEBUG   HandlerThread:8964 [handler.py:handle_request():144] handle_request: poll_exit
2023-05-08 16:09:19,007 DEBUG   SenderThread:8964 [sender.py:send_request():402] send_request: poll_exit
2023-05-08 16:09:20,011 DEBUG   HandlerThread:8964 [handler.py:handle_request():144] handle_request: poll_exit
2023-05-08 16:09:20,012 DEBUG   SenderThread:8964 [sender.py:send_request():402] send_request: poll_exit
2023-05-08 16:09:21,024 DEBUG   HandlerThread:8964 [handler.py:handle_request():144] handle_request: status_report
2023-05-08 16:09:21,024 DEBUG   HandlerThread:8964 [handler.py:handle_request():144] handle_request: poll_exit
2023-05-08 16:09:21,025 DEBUG   SenderThread:8964 [sender.py:send_request():402] send_request: poll_exit
2023-05-08 16:09:22,033 DEBUG   HandlerThread:8964 [handler.py:handle_request():144] handle_request: poll_exit
2023-05-08 16:09:22,034 DEBUG   SenderThread:8964 [sender.py:send_request():402] send_request: poll_exit
2023-05-08 16:09:23,046 DEBUG   HandlerThread:8964 [handler.py:handle_request():144] handle_request: poll_exit
2023-05-08 16:09:23,046 DEBUG   SenderThread:8964 [sender.py:send_request():402] send_request: poll_exit
2023-05-08 16:09:24,057 DEBUG   HandlerThread:8964 [handler.py:handle_request():144] handle_request: poll_exit
2023-05-08 16:09:24,057 DEBUG   SenderThread:8964 [sender.py:send_request():402] send_request: poll_exit
2023-05-08 16:09:24,227 INFO    wandb-upload_0:8964 [upload_job.py:push():137] Uploaded file C:\Users\LENOVO\AppData\Local\Temp\tmpts7u3p0fwandb\xxc1y5s3-wandb-metadata.json
2023-05-08 16:09:25,066 DEBUG   HandlerThread:8964 [handler.py:handle_request():144] handle_request: poll_exit
2023-05-08 16:09:25,066 DEBUG   SenderThread:8964 [sender.py:send_request():402] send_request: poll_exit
2023-05-08 16:09:26,076 DEBUG   HandlerThread:8964 [handler.py:handle_request():144] handle_request: poll_exit
2023-05-08 16:09:26,076 DEBUG   HandlerThread:8964 [handler.py:handle_request():144] handle_request: status_report
2023-05-08 16:09:26,077 DEBUG   SenderThread:8964 [sender.py:send_request():402] send_request: poll_exit
2023-05-08 16:09:27,083 DEBUG   HandlerThread:8964 [handler.py:handle_request():144] handle_request: poll_exit
2023-05-08 16:09:27,084 DEBUG   SenderThread:8964 [sender.py:send_request():402] send_request: poll_exit
2023-05-08 16:09:28,091 DEBUG   HandlerThread:8964 [handler.py:handle_request():144] handle_request: poll_exit
2023-05-08 16:09:28,091 DEBUG   SenderThread:8964 [sender.py:send_request():402] send_request: poll_exit
2023-05-08 16:09:29,093 DEBUG   HandlerThread:8964 [handler.py:handle_request():144] handle_request: poll_exit
2023-05-08 16:09:29,094 DEBUG   SenderThread:8964 [sender.py:send_request():402] send_request: poll_exit
2023-05-08 16:09:30,101 DEBUG   HandlerThread:8964 [handler.py:handle_request():144] handle_request: poll_exit
2023-05-08 16:09:30,102 DEBUG   SenderThread:8964 [sender.py:send_request():402] send_request: poll_exit
2023-05-08 16:09:31,115 DEBUG   HandlerThread:8964 [handler.py:handle_request():144] handle_request: status_report
2023-05-08 16:09:31,116 DEBUG   HandlerThread:8964 [handler.py:handle_request():144] handle_request: poll_exit
2023-05-08 16:09:31,116 DEBUG   SenderThread:8964 [sender.py:send_request():402] send_request: poll_exit
2023-05-08 16:09:32,129 DEBUG   HandlerThread:8964 [handler.py:handle_request():144] handle_request: poll_exit
2023-05-08 16:09:32,130 DEBUG   SenderThread:8964 [sender.py:send_request():402] send_request: poll_exit
2023-05-08 16:09:33,099 ERROR   wandb-upload_2:8964 [internal_api.py:upload_file():2099] upload_file exception https://storage.googleapis.com/wandb-production.appspot.com/ai_tax/AI_TaxingPolicy/ytd4snom/config.yaml?Expires=1683619721&GoogleAccessId=wandb-production%40appspot.gserviceaccount.com&Signature=uewElyWYlxfoSAvBQYJGHc1nowsGAM54OOlqjjdtD9gheOYqcvVWIAKN0x3mACp42zubR7xcKieqpcUSOhWkoXGTrpTxz4gYS2SaLn3IukX%2FKyJFvAVBv2BSe%2B2EBCf%2F39v%2B8di4%2FVGLbmiVJQKaD%2Fds2KGKQgp6FhGSjOxtlcvJhyqBc1FbUgFVmMW5PNMF0QOXYbHoWZf6hPtB6C%2BiCpNrWPaNQWebnAzqmTj8IwWYQZ5ZGYI%2B8eWt3jUQfSxDTjXl9Y6QMeV8m9rEyE4wrzB1s8YOZsf1jI3Wm2Jv7GnSBn7p5bcqm7wK3Of%2B03nYKYEFM1bPlBbcnyDj3j2i2Q%3D%3D: HTTPSConnectionPool(host='storage.googleapis.com', port=443): Max retries exceeded with url: /wandb-production.appspot.com/ai_tax/AI_TaxingPolicy/ytd4snom/config.yaml?Expires=1683619721&GoogleAccessId=wandb-production%40appspot.gserviceaccount.com&Signature=uewElyWYlxfoSAvBQYJGHc1nowsGAM54OOlqjjdtD9gheOYqcvVWIAKN0x3mACp42zubR7xcKieqpcUSOhWkoXGTrpTxz4gYS2SaLn3IukX%2FKyJFvAVBv2BSe%2B2EBCf%2F39v%2B8di4%2FVGLbmiVJQKaD%2Fds2KGKQgp6FhGSjOxtlcvJhyqBc1FbUgFVmMW5PNMF0QOXYbHoWZf6hPtB6C%2BiCpNrWPaNQWebnAzqmTj8IwWYQZ5ZGYI%2B8eWt3jUQfSxDTjXl9Y6QMeV8m9rEyE4wrzB1s8YOZsf1jI3Wm2Jv7GnSBn7p5bcqm7wK3Of%2B03nYKYEFM1bPlBbcnyDj3j2i2Q%3D%3D (Caused by SSLError(SSLEOFError(8, 'EOF occurred in violation of protocol (_ssl.c:1129)')))
2023-05-08 16:09:33,099 ERROR   wandb-upload_2:8964 [internal_api.py:upload_file():2101] upload_file request headers: {'User-Agent': 'python-requests/2.28.2', 'Accept-Encoding': 'gzip, deflate', 'Accept': '*/*', 'Connection': 'keep-alive', 'Content-Length': '3137'}
2023-05-08 16:09:33,099 ERROR   wandb-upload_2:8964 [internal_api.py:upload_file():2103] upload_file response body: 
2023-05-08 16:09:33,099 INFO    wandb-upload_2:8964 [retry.py:__call__():172] Retry attempt failed:
Traceback (most recent call last):
  File "C:\Users\LENOVO\anaconda3\envs\paper\lib\site-packages\urllib3\connectionpool.py", line 700, in urlopen
    self._prepare_proxy(conn)
  File "C:\Users\LENOVO\anaconda3\envs\paper\lib\site-packages\urllib3\connectionpool.py", line 996, in _prepare_proxy
    conn.connect()
  File "C:\Users\LENOVO\anaconda3\envs\paper\lib\site-packages\urllib3\connection.py", line 414, in connect
    self.sock = ssl_wrap_socket(
  File "C:\Users\LENOVO\anaconda3\envs\paper\lib\site-packages\urllib3\util\ssl_.py", line 449, in ssl_wrap_socket
    ssl_sock = _ssl_wrap_socket_impl(
  File "C:\Users\LENOVO\anaconda3\envs\paper\lib\site-packages\urllib3\util\ssl_.py", line 493, in _ssl_wrap_socket_impl
    return ssl_context.wrap_socket(sock, server_hostname=server_hostname)
  File "C:\Users\LENOVO\anaconda3\envs\paper\lib\ssl.py", line 501, in wrap_socket
    return self.sslsocket_class._create(
  File "C:\Users\LENOVO\anaconda3\envs\paper\lib\ssl.py", line 1041, in _create
    self.do_handshake()
  File "C:\Users\LENOVO\anaconda3\envs\paper\lib\ssl.py", line 1310, in do_handshake
    self._sslobj.do_handshake()
ssl.SSLEOFError: EOF occurred in violation of protocol (_ssl.c:1129)

During handling of the above exception, another exception occurred:

Traceback (most recent call last):
  File "C:\Users\LENOVO\anaconda3\envs\paper\lib\site-packages\requests\adapters.py", line 489, in send
    resp = conn.urlopen(
  File "C:\Users\LENOVO\anaconda3\envs\paper\lib\site-packages\urllib3\connectionpool.py", line 787, in urlopen
    retries = retries.increment(
  File "C:\Users\LENOVO\anaconda3\envs\paper\lib\site-packages\urllib3\util\retry.py", line 592, in increment
    raise MaxRetryError(_pool, url, error or ResponseError(cause))
urllib3.exceptions.MaxRetryError: HTTPSConnectionPool(host='storage.googleapis.com', port=443): Max retries exceeded with url: /wandb-production.appspot.com/ai_tax/AI_TaxingPolicy/ytd4snom/config.yaml?Expires=1683619721&GoogleAccessId=wandb-production%40appspot.gserviceaccount.com&Signature=uewElyWYlxfoSAvBQYJGHc1nowsGAM54OOlqjjdtD9gheOYqcvVWIAKN0x3mACp42zubR7xcKieqpcUSOhWkoXGTrpTxz4gYS2SaLn3IukX%2FKyJFvAVBv2BSe%2B2EBCf%2F39v%2B8di4%2FVGLbmiVJQKaD%2Fds2KGKQgp6FhGSjOxtlcvJhyqBc1FbUgFVmMW5PNMF0QOXYbHoWZf6hPtB6C%2BiCpNrWPaNQWebnAzqmTj8IwWYQZ5ZGYI%2B8eWt3jUQfSxDTjXl9Y6QMeV8m9rEyE4wrzB1s8YOZsf1jI3Wm2Jv7GnSBn7p5bcqm7wK3Of%2B03nYKYEFM1bPlBbcnyDj3j2i2Q%3D%3D (Caused by SSLError(SSLEOFError(8, 'EOF occurred in violation of protocol (_ssl.c:1129)')))

During handling of the above exception, another exception occurred:

Traceback (most recent call last):
  File "C:\Users\LENOVO\anaconda3\envs\paper\lib\site-packages\wandb\sdk\internal\internal_api.py", line 2094, in upload_file
    response = self._upload_file_session.put(
  File "C:\Users\LENOVO\anaconda3\envs\paper\lib\site-packages\requests\sessions.py", line 647, in put
    return self.request("PUT", url, data=data, **kwargs)
  File "C:\Users\LENOVO\anaconda3\envs\paper\lib\site-packages\requests\sessions.py", line 587, in request
    resp = self.send(prep, **send_kwargs)
  File "C:\Users\LENOVO\anaconda3\envs\paper\lib\site-packages\requests\sessions.py", line 701, in send
    r = adapter.send(request, **kwargs)
  File "C:\Users\LENOVO\anaconda3\envs\paper\lib\site-packages\requests\adapters.py", line 563, in send
    raise SSLError(e, request=request)
requests.exceptions.SSLError: HTTPSConnectionPool(host='storage.googleapis.com', port=443): Max retries exceeded with url: /wandb-production.appspot.com/ai_tax/AI_TaxingPolicy/ytd4snom/config.yaml?Expires=1683619721&GoogleAccessId=wandb-production%40appspot.gserviceaccount.com&Signature=uewElyWYlxfoSAvBQYJGHc1nowsGAM54OOlqjjdtD9gheOYqcvVWIAKN0x3mACp42zubR7xcKieqpcUSOhWkoXGTrpTxz4gYS2SaLn3IukX%2FKyJFvAVBv2BSe%2B2EBCf%2F39v%2B8di4%2FVGLbmiVJQKaD%2Fds2KGKQgp6FhGSjOxtlcvJhyqBc1FbUgFVmMW5PNMF0QOXYbHoWZf6hPtB6C%2BiCpNrWPaNQWebnAzqmTj8IwWYQZ5ZGYI%2B8eWt3jUQfSxDTjXl9Y6QMeV8m9rEyE4wrzB1s8YOZsf1jI3Wm2Jv7GnSBn7p5bcqm7wK3Of%2B03nYKYEFM1bPlBbcnyDj3j2i2Q%3D%3D (Caused by SSLError(SSLEOFError(8, 'EOF occurred in violation of protocol (_ssl.c:1129)')))

During handling of the above exception, another exception occurred:

Traceback (most recent call last):
  File "C:\Users\LENOVO\anaconda3\envs\paper\lib\site-packages\wandb\sdk\lib\retry.py", line 131, in __call__
    result = self._call_fn(*args, **kwargs)
  File "C:\Users\LENOVO\anaconda3\envs\paper\lib\site-packages\wandb\sdk\internal\internal_api.py", line 2123, in upload_file
    raise _e.with_traceback(sys.exc_info()[2])
  File "C:\Users\LENOVO\anaconda3\envs\paper\lib\site-packages\wandb\sdk\internal\internal_api.py", line 2094, in upload_file
    response = self._upload_file_session.put(
  File "C:\Users\LENOVO\anaconda3\envs\paper\lib\site-packages\requests\sessions.py", line 647, in put
    return self.request("PUT", url, data=data, **kwargs)
  File "C:\Users\LENOVO\anaconda3\envs\paper\lib\site-packages\requests\sessions.py", line 587, in request
    resp = self.send(prep, **send_kwargs)
  File "C:\Users\LENOVO\anaconda3\envs\paper\lib\site-packages\requests\sessions.py", line 701, in send
    r = adapter.send(request, **kwargs)
  File "C:\Users\LENOVO\anaconda3\envs\paper\lib\site-packages\requests\adapters.py", line 563, in send
    raise SSLError(e, request=request)
wandb.sdk.lib.retry.TransientError: None
2023-05-08 16:09:33,137 DEBUG   HandlerThread:8964 [handler.py:handle_request():144] handle_request: poll_exit
2023-05-08 16:09:33,137 DEBUG   SenderThread:8964 [sender.py:send_request():402] send_request: poll_exit
2023-05-08 16:09:34,147 DEBUG   HandlerThread:8964 [handler.py:handle_request():144] handle_request: poll_exit
2023-05-08 16:09:34,147 DEBUG   SenderThread:8964 [sender.py:send_request():402] send_request: poll_exit
2023-05-08 16:09:35,160 DEBUG   HandlerThread:8964 [handler.py:handle_request():144] handle_request: poll_exit
2023-05-08 16:09:35,160 DEBUG   SenderThread:8964 [sender.py:send_request():402] send_request: poll_exit
2023-05-08 16:09:36,169 DEBUG   HandlerThread:8964 [handler.py:handle_request():144] handle_request: poll_exit
2023-05-08 16:09:36,170 DEBUG   HandlerThread:8964 [handler.py:handle_request():144] handle_request: status_report
2023-05-08 16:09:36,170 DEBUG   SenderThread:8964 [sender.py:send_request():402] send_request: poll_exit
2023-05-08 16:09:37,175 DEBUG   HandlerThread:8964 [handler.py:handle_request():144] handle_request: poll_exit
2023-05-08 16:09:37,177 DEBUG   SenderThread:8964 [sender.py:send_request():402] send_request: poll_exit
2023-05-08 16:09:38,183 DEBUG   HandlerThread:8964 [handler.py:handle_request():144] handle_request: poll_exit
2023-05-08 16:09:38,184 DEBUG   SenderThread:8964 [sender.py:send_request():402] send_request: poll_exit
2023-05-08 16:09:39,190 DEBUG   HandlerThread:8964 [handler.py:handle_request():144] handle_request: poll_exit
2023-05-08 16:09:39,190 DEBUG   SenderThread:8964 [sender.py:send_request():402] send_request: poll_exit
2023-05-08 16:09:40,202 DEBUG   HandlerThread:8964 [handler.py:handle_request():144] handle_request: poll_exit
2023-05-08 16:09:40,202 DEBUG   SenderThread:8964 [sender.py:send_request():402] send_request: poll_exit
2023-05-08 16:09:41,211 DEBUG   HandlerThread:8964 [handler.py:handle_request():144] handle_request: poll_exit
2023-05-08 16:09:41,211 DEBUG   HandlerThread:8964 [handler.py:handle_request():144] handle_request: status_report
2023-05-08 16:09:41,211 DEBUG   SenderThread:8964 [sender.py:send_request():402] send_request: poll_exit
2023-05-08 16:09:42,222 DEBUG   HandlerThread:8964 [handler.py:handle_request():144] handle_request: poll_exit
2023-05-08 16:09:42,223 DEBUG   SenderThread:8964 [sender.py:send_request():402] send_request: poll_exit
2023-05-08 16:09:43,232 DEBUG   HandlerThread:8964 [handler.py:handle_request():144] handle_request: poll_exit
2023-05-08 16:09:43,232 DEBUG   SenderThread:8964 [sender.py:send_request():402] send_request: poll_exit
2023-05-08 16:09:44,237 DEBUG   HandlerThread:8964 [handler.py:handle_request():144] handle_request: poll_exit
2023-05-08 16:09:44,237 DEBUG   SenderThread:8964 [sender.py:send_request():402] send_request: poll_exit
2023-05-08 16:09:45,247 DEBUG   HandlerThread:8964 [handler.py:handle_request():144] handle_request: poll_exit
2023-05-08 16:09:45,247 DEBUG   SenderThread:8964 [sender.py:send_request():402] send_request: poll_exit
2023-05-08 16:09:46,251 DEBUG   HandlerThread:8964 [handler.py:handle_request():144] handle_request: status_report
2023-05-08 16:09:46,251 DEBUG   HandlerThread:8964 [handler.py:handle_request():144] handle_request: poll_exit
2023-05-08 16:09:46,252 DEBUG   SenderThread:8964 [sender.py:send_request():402] send_request: poll_exit
2023-05-08 16:09:47,265 DEBUG   HandlerThread:8964 [handler.py:handle_request():144] handle_request: poll_exit
2023-05-08 16:09:47,265 DEBUG   SenderThread:8964 [sender.py:send_request():402] send_request: poll_exit
2023-05-08 16:09:48,254 INFO    wandb-upload_3:8964 [upload_job.py:push():137] Uploaded file D:\code\AI-TaxingPolicy\AI-TaxingPolicy\agents\models\independent_ppo\run2\wandb\run-20230508_160712-ytd4snom\files\output.log
2023-05-08 16:09:48,273 DEBUG   HandlerThread:8964 [handler.py:handle_request():144] handle_request: poll_exit
2023-05-08 16:09:48,274 DEBUG   SenderThread:8964 [sender.py:send_request():402] send_request: poll_exit
2023-05-08 16:09:49,282 DEBUG   HandlerThread:8964 [handler.py:handle_request():144] handle_request: poll_exit
2023-05-08 16:09:49,283 DEBUG   SenderThread:8964 [sender.py:send_request():402] send_request: poll_exit
2023-05-08 16:09:50,291 DEBUG   HandlerThread:8964 [handler.py:handle_request():144] handle_request: poll_exit
2023-05-08 16:09:50,292 DEBUG   SenderThread:8964 [sender.py:send_request():402] send_request: poll_exit
2023-05-08 16:09:51,298 DEBUG   HandlerThread:8964 [handler.py:handle_request():144] handle_request: poll_exit
2023-05-08 16:09:51,298 DEBUG   HandlerThread:8964 [handler.py:handle_request():144] handle_request: status_report
2023-05-08 16:09:51,298 DEBUG   SenderThread:8964 [sender.py:send_request():402] send_request: poll_exit
2023-05-08 16:09:52,309 DEBUG   HandlerThread:8964 [handler.py:handle_request():144] handle_request: poll_exit
2023-05-08 16:09:52,310 DEBUG   SenderThread:8964 [sender.py:send_request():402] send_request: poll_exit
2023-05-08 16:09:53,317 DEBUG   HandlerThread:8964 [handler.py:handle_request():144] handle_request: poll_exit
2023-05-08 16:09:53,317 DEBUG   SenderThread:8964 [sender.py:send_request():402] send_request: poll_exit
2023-05-08 16:09:54,330 DEBUG   HandlerThread:8964 [handler.py:handle_request():144] handle_request: poll_exit
2023-05-08 16:09:54,330 DEBUG   SenderThread:8964 [sender.py:send_request():402] send_request: poll_exit
2023-05-08 16:09:55,339 DEBUG   HandlerThread:8964 [handler.py:handle_request():144] handle_request: poll_exit
2023-05-08 16:09:55,339 DEBUG   SenderThread:8964 [sender.py:send_request():402] send_request: poll_exit
2023-05-08 16:09:56,351 DEBUG   HandlerThread:8964 [handler.py:handle_request():144] handle_request: status_report
2023-05-08 16:09:56,351 DEBUG   HandlerThread:8964 [handler.py:handle_request():144] handle_request: poll_exit
2023-05-08 16:09:56,351 DEBUG   SenderThread:8964 [sender.py:send_request():402] send_request: poll_exit
2023-05-08 16:09:57,366 DEBUG   HandlerThread:8964 [handler.py:handle_request():144] handle_request: poll_exit
2023-05-08 16:09:57,366 DEBUG   SenderThread:8964 [sender.py:send_request():402] send_request: poll_exit
2023-05-08 16:09:58,375 DEBUG   HandlerThread:8964 [handler.py:handle_request():144] handle_request: poll_exit
2023-05-08 16:09:58,375 DEBUG   SenderThread:8964 [sender.py:send_request():402] send_request: poll_exit
2023-05-08 16:09:59,386 DEBUG   HandlerThread:8964 [handler.py:handle_request():144] handle_request: poll_exit
2023-05-08 16:09:59,386 DEBUG   SenderThread:8964 [sender.py:send_request():402] send_request: poll_exit
2023-05-08 16:10:00,395 DEBUG   HandlerThread:8964 [handler.py:handle_request():144] handle_request: poll_exit
2023-05-08 16:10:00,395 DEBUG   SenderThread:8964 [sender.py:send_request():402] send_request: poll_exit
2023-05-08 16:10:01,398 DEBUG   HandlerThread:8964 [handler.py:handle_request():144] handle_request: status_report
2023-05-08 16:10:01,398 DEBUG   HandlerThread:8964 [handler.py:handle_request():144] handle_request: poll_exit
2023-05-08 16:10:01,399 DEBUG   SenderThread:8964 [sender.py:send_request():402] send_request: poll_exit
2023-05-08 16:10:02,403 DEBUG   HandlerThread:8964 [handler.py:handle_request():144] handle_request: poll_exit
2023-05-08 16:10:02,404 DEBUG   SenderThread:8964 [sender.py:send_request():402] send_request: poll_exit
2023-05-08 16:10:03,415 DEBUG   HandlerThread:8964 [handler.py:handle_request():144] handle_request: poll_exit
2023-05-08 16:10:03,415 DEBUG   SenderThread:8964 [sender.py:send_request():402] send_request: poll_exit
2023-05-08 16:10:04,427 DEBUG   HandlerThread:8964 [handler.py:handle_request():144] handle_request: poll_exit
2023-05-08 16:10:04,427 DEBUG   SenderThread:8964 [sender.py:send_request():402] send_request: poll_exit
2023-05-08 16:10:05,435 DEBUG   HandlerThread:8964 [handler.py:handle_request():144] handle_request: poll_exit
2023-05-08 16:10:05,435 DEBUG   SenderThread:8964 [sender.py:send_request():402] send_request: poll_exit
2023-05-08 16:10:06,441 DEBUG   HandlerThread:8964 [handler.py:handle_request():144] handle_request: status_report
2023-05-08 16:10:06,441 DEBUG   HandlerThread:8964 [handler.py:handle_request():144] handle_request: poll_exit
2023-05-08 16:10:06,442 DEBUG   SenderThread:8964 [sender.py:send_request():402] send_request: poll_exit
2023-05-08 16:10:07,453 DEBUG   HandlerThread:8964 [handler.py:handle_request():144] handle_request: poll_exit
2023-05-08 16:10:07,453 DEBUG   SenderThread:8964 [sender.py:send_request():402] send_request: poll_exit
2023-05-08 16:10:08,462 DEBUG   HandlerThread:8964 [handler.py:handle_request():144] handle_request: poll_exit
2023-05-08 16:10:08,463 DEBUG   SenderThread:8964 [sender.py:send_request():402] send_request: poll_exit
2023-05-08 16:10:09,473 DEBUG   HandlerThread:8964 [handler.py:handle_request():144] handle_request: poll_exit
2023-05-08 16:10:09,474 DEBUG   SenderThread:8964 [sender.py:send_request():402] send_request: poll_exit
2023-05-08 16:10:10,484 DEBUG   HandlerThread:8964 [handler.py:handle_request():144] handle_request: poll_exit
2023-05-08 16:10:10,485 DEBUG   SenderThread:8964 [sender.py:send_request():402] send_request: poll_exit
2023-05-08 16:10:11,034 INFO    wandb-upload_4:8964 [upload_job.py:push():137] Uploaded file D:\code\AI-TaxingPolicy\AI-TaxingPolicy\agents\models\independent_ppo\run2\wandb\run-20230508_160712-ytd4snom\files\requirements.txt
2023-05-08 16:10:11,491 DEBUG   HandlerThread:8964 [handler.py:handle_request():144] handle_request: status_report
2023-05-08 16:10:11,492 DEBUG   HandlerThread:8964 [handler.py:handle_request():144] handle_request: poll_exit
2023-05-08 16:10:11,492 DEBUG   SenderThread:8964 [sender.py:send_request():402] send_request: poll_exit
2023-05-08 16:10:12,500 DEBUG   HandlerThread:8964 [handler.py:handle_request():144] handle_request: poll_exit
2023-05-08 16:10:12,500 DEBUG   SenderThread:8964 [sender.py:send_request():402] send_request: poll_exit
2023-05-08 16:10:13,512 DEBUG   HandlerThread:8964 [handler.py:handle_request():144] handle_request: poll_exit
2023-05-08 16:10:13,513 DEBUG   SenderThread:8964 [sender.py:send_request():402] send_request: poll_exit
2023-05-08 16:10:14,518 DEBUG   HandlerThread:8964 [handler.py:handle_request():144] handle_request: poll_exit
2023-05-08 16:10:14,519 DEBUG   SenderThread:8964 [sender.py:send_request():402] send_request: poll_exit
2023-05-08 16:10:15,529 DEBUG   HandlerThread:8964 [handler.py:handle_request():144] handle_request: poll_exit
2023-05-08 16:10:15,529 DEBUG   SenderThread:8964 [sender.py:send_request():402] send_request: poll_exit
2023-05-08 16:10:16,530 DEBUG   HandlerThread:8964 [handler.py:handle_request():144] handle_request: poll_exit
2023-05-08 16:10:16,531 DEBUG   HandlerThread:8964 [handler.py:handle_request():144] handle_request: status_report
2023-05-08 16:10:16,531 DEBUG   SenderThread:8964 [sender.py:send_request():402] send_request: poll_exit
2023-05-08 16:10:17,386 ERROR   wandb-upload_2:8964 [internal_api.py:upload_file():2099] upload_file exception https://storage.googleapis.com/wandb-production.appspot.com/ai_tax/AI_TaxingPolicy/ytd4snom/config.yaml?Expires=1683619721&GoogleAccessId=wandb-production%40appspot.gserviceaccount.com&Signature=uewElyWYlxfoSAvBQYJGHc1nowsGAM54OOlqjjdtD9gheOYqcvVWIAKN0x3mACp42zubR7xcKieqpcUSOhWkoXGTrpTxz4gYS2SaLn3IukX%2FKyJFvAVBv2BSe%2B2EBCf%2F39v%2B8di4%2FVGLbmiVJQKaD%2Fds2KGKQgp6FhGSjOxtlcvJhyqBc1FbUgFVmMW5PNMF0QOXYbHoWZf6hPtB6C%2BiCpNrWPaNQWebnAzqmTj8IwWYQZ5ZGYI%2B8eWt3jUQfSxDTjXl9Y6QMeV8m9rEyE4wrzB1s8YOZsf1jI3Wm2Jv7GnSBn7p5bcqm7wK3Of%2B03nYKYEFM1bPlBbcnyDj3j2i2Q%3D%3D: HTTPSConnectionPool(host='storage.googleapis.com', port=443): Max retries exceeded with url: /wandb-production.appspot.com/ai_tax/AI_TaxingPolicy/ytd4snom/config.yaml?Expires=1683619721&GoogleAccessId=wandb-production%40appspot.gserviceaccount.com&Signature=uewElyWYlxfoSAvBQYJGHc1nowsGAM54OOlqjjdtD9gheOYqcvVWIAKN0x3mACp42zubR7xcKieqpcUSOhWkoXGTrpTxz4gYS2SaLn3IukX%2FKyJFvAVBv2BSe%2B2EBCf%2F39v%2B8di4%2FVGLbmiVJQKaD%2Fds2KGKQgp6FhGSjOxtlcvJhyqBc1FbUgFVmMW5PNMF0QOXYbHoWZf6hPtB6C%2BiCpNrWPaNQWebnAzqmTj8IwWYQZ5ZGYI%2B8eWt3jUQfSxDTjXl9Y6QMeV8m9rEyE4wrzB1s8YOZsf1jI3Wm2Jv7GnSBn7p5bcqm7wK3Of%2B03nYKYEFM1bPlBbcnyDj3j2i2Q%3D%3D (Caused by SSLError(SSLEOFError(8, 'EOF occurred in violation of protocol (_ssl.c:1129)')))
2023-05-08 16:10:17,387 ERROR   wandb-upload_2:8964 [internal_api.py:upload_file():2101] upload_file request headers: {'User-Agent': 'python-requests/2.28.2', 'Accept-Encoding': 'gzip, deflate', 'Accept': '*/*', 'Connection': 'keep-alive', 'Content-Length': '3137'}
2023-05-08 16:10:17,387 ERROR   wandb-upload_2:8964 [internal_api.py:upload_file():2103] upload_file response body: 
2023-05-08 16:10:17,541 DEBUG   HandlerThread:8964 [handler.py:handle_request():144] handle_request: poll_exit
2023-05-08 16:10:17,541 DEBUG   SenderThread:8964 [sender.py:send_request():402] send_request: poll_exit
2023-05-08 16:10:18,546 DEBUG   HandlerThread:8964 [handler.py:handle_request():144] handle_request: poll_exit
2023-05-08 16:10:18,547 DEBUG   SenderThread:8964 [sender.py:send_request():402] send_request: poll_exit
2023-05-08 16:10:19,560 DEBUG   HandlerThread:8964 [handler.py:handle_request():144] handle_request: poll_exit
2023-05-08 16:10:19,560 DEBUG   SenderThread:8964 [sender.py:send_request():402] send_request: poll_exit
2023-05-08 16:10:20,567 DEBUG   HandlerThread:8964 [handler.py:handle_request():144] handle_request: poll_exit
2023-05-08 16:10:20,567 DEBUG   SenderThread:8964 [sender.py:send_request():402] send_request: poll_exit
2023-05-08 16:10:21,579 DEBUG   HandlerThread:8964 [handler.py:handle_request():144] handle_request: poll_exit
2023-05-08 16:10:21,579 DEBUG   HandlerThread:8964 [handler.py:handle_request():144] handle_request: status_report
2023-05-08 16:10:21,579 DEBUG   SenderThread:8964 [sender.py:send_request():402] send_request: poll_exit
2023-05-08 16:10:22,591 DEBUG   HandlerThread:8964 [handler.py:handle_request():144] handle_request: poll_exit
2023-05-08 16:10:22,592 DEBUG   SenderThread:8964 [sender.py:send_request():402] send_request: poll_exit
2023-05-08 16:10:23,600 DEBUG   HandlerThread:8964 [handler.py:handle_request():144] handle_request: poll_exit
2023-05-08 16:10:23,601 DEBUG   SenderThread:8964 [sender.py:send_request():402] send_request: poll_exit
2023-05-08 16:10:24,606 DEBUG   HandlerThread:8964 [handler.py:handle_request():144] handle_request: poll_exit
2023-05-08 16:10:24,606 DEBUG   SenderThread:8964 [sender.py:send_request():402] send_request: poll_exit
2023-05-08 16:10:25,613 DEBUG   HandlerThread:8964 [handler.py:handle_request():144] handle_request: poll_exit
2023-05-08 16:10:25,614 DEBUG   SenderThread:8964 [sender.py:send_request():402] send_request: poll_exit
2023-05-08 16:10:26,620 DEBUG   HandlerThread:8964 [handler.py:handle_request():144] handle_request: status_report
2023-05-08 16:10:26,621 DEBUG   HandlerThread:8964 [handler.py:handle_request():144] handle_request: poll_exit
2023-05-08 16:10:26,621 DEBUG   SenderThread:8964 [sender.py:send_request():402] send_request: poll_exit
2023-05-08 16:10:27,632 DEBUG   HandlerThread:8964 [handler.py:handle_request():144] handle_request: poll_exit
2023-05-08 16:10:27,632 DEBUG   SenderThread:8964 [sender.py:send_request():402] send_request: poll_exit
2023-05-08 16:10:28,642 DEBUG   HandlerThread:8964 [handler.py:handle_request():144] handle_request: poll_exit
2023-05-08 16:10:28,643 DEBUG   SenderThread:8964 [sender.py:send_request():402] send_request: poll_exit
2023-05-08 16:10:29,653 DEBUG   HandlerThread:8964 [handler.py:handle_request():144] handle_request: poll_exit
2023-05-08 16:10:29,653 DEBUG   SenderThread:8964 [sender.py:send_request():402] send_request: poll_exit
2023-05-08 16:10:30,660 DEBUG   HandlerThread:8964 [handler.py:handle_request():144] handle_request: poll_exit
2023-05-08 16:10:30,660 DEBUG   SenderThread:8964 [sender.py:send_request():402] send_request: poll_exit
2023-05-08 16:10:30,744 INFO    wandb-upload_2:8964 [upload_job.py:push():137] Uploaded file D:\code\AI-TaxingPolicy\AI-TaxingPolicy\agents\models\independent_ppo\run2\wandb\run-20230508_160712-ytd4snom\files\config.yaml
2023-05-08 16:10:31,668 DEBUG   HandlerThread:8964 [handler.py:handle_request():144] handle_request: poll_exit
2023-05-08 16:10:31,668 DEBUG   HandlerThread:8964 [handler.py:handle_request():144] handle_request: status_report
2023-05-08 16:10:31,668 DEBUG   SenderThread:8964 [sender.py:send_request():402] send_request: poll_exit
2023-05-08 16:10:32,676 DEBUG   HandlerThread:8964 [handler.py:handle_request():144] handle_request: poll_exit
2023-05-08 16:10:32,676 DEBUG   SenderThread:8964 [sender.py:send_request():402] send_request: poll_exit
2023-05-08 16:10:33,689 DEBUG   HandlerThread:8964 [handler.py:handle_request():144] handle_request: poll_exit
2023-05-08 16:10:33,690 DEBUG   SenderThread:8964 [sender.py:send_request():402] send_request: poll_exit
2023-05-08 16:10:34,702 DEBUG   HandlerThread:8964 [handler.py:handle_request():144] handle_request: poll_exit
2023-05-08 16:10:34,702 DEBUG   SenderThread:8964 [sender.py:send_request():402] send_request: poll_exit
2023-05-08 16:10:35,715 DEBUG   HandlerThread:8964 [handler.py:handle_request():144] handle_request: poll_exit
2023-05-08 16:10:35,715 DEBUG   SenderThread:8964 [sender.py:send_request():402] send_request: poll_exit
2023-05-08 16:10:36,731 DEBUG   HandlerThread:8964 [handler.py:handle_request():144] handle_request: poll_exit
2023-05-08 16:10:36,731 DEBUG   HandlerThread:8964 [handler.py:handle_request():144] handle_request: status_report
2023-05-08 16:10:36,732 DEBUG   SenderThread:8964 [sender.py:send_request():402] send_request: poll_exit
2023-05-08 16:10:37,744 DEBUG   HandlerThread:8964 [handler.py:handle_request():144] handle_request: poll_exit
2023-05-08 16:10:37,744 DEBUG   SenderThread:8964 [sender.py:send_request():402] send_request: poll_exit
2023-05-08 16:10:38,752 DEBUG   HandlerThread:8964 [handler.py:handle_request():144] handle_request: poll_exit
2023-05-08 16:10:38,752 DEBUG   SenderThread:8964 [sender.py:send_request():402] send_request: poll_exit
2023-05-08 16:10:39,768 DEBUG   HandlerThread:8964 [handler.py:handle_request():144] handle_request: poll_exit
2023-05-08 16:10:39,768 DEBUG   SenderThread:8964 [sender.py:send_request():402] send_request: poll_exit
2023-05-08 16:10:40,781 DEBUG   HandlerThread:8964 [handler.py:handle_request():144] handle_request: poll_exit
2023-05-08 16:10:40,781 DEBUG   SenderThread:8964 [sender.py:send_request():402] send_request: poll_exit
2023-05-08 16:10:41,787 DEBUG   HandlerThread:8964 [handler.py:handle_request():144] handle_request: status_report
2023-05-08 16:10:41,787 DEBUG   HandlerThread:8964 [handler.py:handle_request():144] handle_request: poll_exit
2023-05-08 16:10:41,787 DEBUG   SenderThread:8964 [sender.py:send_request():402] send_request: poll_exit
2023-05-08 16:10:42,798 DEBUG   HandlerThread:8964 [handler.py:handle_request():144] handle_request: poll_exit
2023-05-08 16:10:42,798 DEBUG   SenderThread:8964 [sender.py:send_request():402] send_request: poll_exit
2023-05-08 16:10:43,805 DEBUG   HandlerThread:8964 [handler.py:handle_request():144] handle_request: poll_exit
2023-05-08 16:10:43,805 DEBUG   SenderThread:8964 [sender.py:send_request():402] send_request: poll_exit
2023-05-08 16:10:44,815 DEBUG   HandlerThread:8964 [handler.py:handle_request():144] handle_request: poll_exit
2023-05-08 16:10:44,815 DEBUG   SenderThread:8964 [sender.py:send_request():402] send_request: poll_exit
2023-05-08 16:10:45,818 DEBUG   HandlerThread:8964 [handler.py:handle_request():144] handle_request: poll_exit
2023-05-08 16:10:45,819 DEBUG   SenderThread:8964 [sender.py:send_request():402] send_request: poll_exit
2023-05-08 16:10:46,827 DEBUG   HandlerThread:8964 [handler.py:handle_request():144] handle_request: status_report
2023-05-08 16:10:46,827 DEBUG   HandlerThread:8964 [handler.py:handle_request():144] handle_request: poll_exit
2023-05-08 16:10:46,828 DEBUG   SenderThread:8964 [sender.py:send_request():402] send_request: poll_exit
2023-05-08 16:10:47,837 DEBUG   HandlerThread:8964 [handler.py:handle_request():144] handle_request: poll_exit
2023-05-08 16:10:47,838 DEBUG   SenderThread:8964 [sender.py:send_request():402] send_request: poll_exit
2023-05-08 16:10:48,848 DEBUG   HandlerThread:8964 [handler.py:handle_request():144] handle_request: poll_exit
2023-05-08 16:10:48,848 DEBUG   SenderThread:8964 [sender.py:send_request():402] send_request: poll_exit
2023-05-08 16:10:49,859 DEBUG   HandlerThread:8964 [handler.py:handle_request():144] handle_request: poll_exit
2023-05-08 16:10:49,859 DEBUG   SenderThread:8964 [sender.py:send_request():402] send_request: poll_exit
2023-05-08 16:10:50,864 DEBUG   HandlerThread:8964 [handler.py:handle_request():144] handle_request: poll_exit
2023-05-08 16:10:50,864 DEBUG   SenderThread:8964 [sender.py:send_request():402] send_request: poll_exit
2023-05-08 16:10:51,878 DEBUG   HandlerThread:8964 [handler.py:handle_request():144] handle_request: status_report
2023-05-08 16:10:51,878 DEBUG   HandlerThread:8964 [handler.py:handle_request():144] handle_request: poll_exit
2023-05-08 16:10:51,878 DEBUG   SenderThread:8964 [sender.py:send_request():402] send_request: poll_exit
2023-05-08 16:10:52,890 DEBUG   HandlerThread:8964 [handler.py:handle_request():144] handle_request: poll_exit
2023-05-08 16:10:52,890 DEBUG   SenderThread:8964 [sender.py:send_request():402] send_request: poll_exit
2023-05-08 16:10:53,902 DEBUG   HandlerThread:8964 [handler.py:handle_request():144] handle_request: poll_exit
2023-05-08 16:10:53,903 DEBUG   SenderThread:8964 [sender.py:send_request():402] send_request: poll_exit
2023-05-08 16:10:54,916 DEBUG   HandlerThread:8964 [handler.py:handle_request():144] handle_request: poll_exit
2023-05-08 16:10:54,917 DEBUG   SenderThread:8964 [sender.py:send_request():402] send_request: poll_exit
2023-05-08 16:10:55,535 INFO    wandb-upload_1:8964 [upload_job.py:push():137] Uploaded file D:\code\AI-TaxingPolicy\AI-TaxingPolicy\agents\models\independent_ppo\run2\wandb\run-20230508_160712-ytd4snom\files\conda-environment.yaml
2023-05-08 16:10:55,927 DEBUG   HandlerThread:8964 [handler.py:handle_request():144] handle_request: poll_exit
2023-05-08 16:10:55,928 DEBUG   SenderThread:8964 [sender.py:send_request():402] send_request: poll_exit
2023-05-08 16:10:56,931 DEBUG   HandlerThread:8964 [handler.py:handle_request():144] handle_request: status_report
2023-05-08 16:10:56,932 DEBUG   HandlerThread:8964 [handler.py:handle_request():144] handle_request: poll_exit
2023-05-08 16:10:56,932 DEBUG   SenderThread:8964 [sender.py:send_request():402] send_request: poll_exit
2023-05-08 16:10:57,253 INFO    wandb-upload_5:8964 [upload_job.py:push():137] Uploaded file D:\code\AI-TaxingPolicy\AI-TaxingPolicy\agents\models\independent_ppo\run2\wandb\run-20230508_160712-ytd4snom\files\wandb-summary.json
2023-05-08 16:10:57,462 INFO    Thread-11 :8964 [sender.py:transition_state():626] send defer: 11
2023-05-08 16:10:57,462 DEBUG   HandlerThread:8964 [handler.py:handle_request():144] handle_request: defer
2023-05-08 16:10:57,462 INFO    HandlerThread:8964 [handler.py:handle_request_defer():170] handle defer: 11
2023-05-08 16:10:57,462 DEBUG   SenderThread:8964 [sender.py:send_request():402] send_request: defer
2023-05-08 16:10:57,464 INFO    SenderThread:8964 [sender.py:send_request_defer():622] handle sender defer: 11
2023-05-08 16:10:57,464 INFO    SenderThread:8964 [file_pusher.py:join():173] waiting for file pusher
2023-05-08 16:10:57,464 INFO    SenderThread:8964 [sender.py:transition_state():626] send defer: 12
2023-05-08 16:10:57,464 DEBUG   HandlerThread:8964 [handler.py:handle_request():144] handle_request: defer
2023-05-08 16:10:57,464 INFO    HandlerThread:8964 [handler.py:handle_request_defer():170] handle defer: 12
2023-05-08 16:10:57,464 DEBUG   SenderThread:8964 [sender.py:send_request():402] send_request: defer
2023-05-08 16:10:57,464 INFO    SenderThread:8964 [sender.py:send_request_defer():622] handle sender defer: 12
2023-05-08 16:10:57,947 DEBUG   HandlerThread:8964 [handler.py:handle_request():144] handle_request: poll_exit
2023-05-08 16:10:58,655 INFO    SenderThread:8964 [sender.py:transition_state():626] send defer: 13
2023-05-08 16:10:58,655 DEBUG   SenderThread:8964 [sender.py:send_request():402] send_request: poll_exit
2023-05-08 16:10:58,655 DEBUG   HandlerThread:8964 [handler.py:handle_request():144] handle_request: defer
2023-05-08 16:10:58,655 INFO    HandlerThread:8964 [handler.py:handle_request_defer():170] handle defer: 13
2023-05-08 16:10:58,655 DEBUG   SenderThread:8964 [sender.py:send_request():402] send_request: defer
2023-05-08 16:10:58,655 INFO    SenderThread:8964 [sender.py:send_request_defer():622] handle sender defer: 13
2023-05-08 16:10:58,655 INFO    SenderThread:8964 [sender.py:transition_state():626] send defer: 14
2023-05-08 16:10:58,655 DEBUG   HandlerThread:8964 [handler.py:handle_request():144] handle_request: defer
2023-05-08 16:10:58,655 INFO    HandlerThread:8964 [handler.py:handle_request_defer():170] handle defer: 14
2023-05-08 16:10:58,655 DEBUG   SenderThread:8964 [sender.py:send():375] send: final
2023-05-08 16:10:58,657 DEBUG   SenderThread:8964 [sender.py:send():375] send: footer
2023-05-08 16:10:58,657 DEBUG   SenderThread:8964 [sender.py:send_request():402] send_request: defer
2023-05-08 16:10:58,657 INFO    SenderThread:8964 [sender.py:send_request_defer():622] handle sender defer: 14
2023-05-08 16:10:58,657 DEBUG   HandlerThread:8964 [handler.py:handle_request():144] handle_request: poll_exit
2023-05-08 16:10:58,657 DEBUG   HandlerThread:8964 [handler.py:handle_request():144] handle_request: poll_exit
2023-05-08 16:10:58,658 DEBUG   HandlerThread:8964 [handler.py:handle_request():144] handle_request: server_info
2023-05-08 16:10:58,658 DEBUG   SenderThread:8964 [sender.py:send_request():402] send_request: poll_exit
2023-05-08 16:10:58,658 DEBUG   HandlerThread:8964 [handler.py:handle_request():144] handle_request: get_summary
2023-05-08 16:10:58,658 DEBUG   SenderThread:8964 [sender.py:send_request():402] send_request: poll_exit
2023-05-08 16:10:58,658 DEBUG   HandlerThread:8964 [handler.py:handle_request():144] handle_request: sampled_history
2023-05-08 16:10:58,658 DEBUG   SenderThread:8964 [sender.py:send_request():402] send_request: server_info
2023-05-08 16:10:59,625 INFO    MainThread:8964 [wandb_run.py:_footer_history_summary_info():3476] rendering history
2023-05-08 16:10:59,625 INFO    MainThread:8964 [wandb_run.py:_footer_history_summary_info():3508] rendering summary
2023-05-08 16:10:59,625 INFO    MainThread:8964 [wandb_run.py:_footer_sync_info():3434] logging synced files
2023-05-08 16:10:59,625 DEBUG   HandlerThread:8964 [handler.py:handle_request():144] handle_request: shutdown
2023-05-08 16:10:59,625 INFO    HandlerThread:8964 [handler.py:finish():845] shutting down handler
2023-05-08 16:10:59,659 INFO    WriterThread:8964 [datastore.py:close():298] close: D:\code\AI-TaxingPolicy\AI-TaxingPolicy\agents\models\independent_ppo\run2\wandb\run-20230508_160712-ytd4snom\run-ytd4snom.wandb
2023-05-08 16:11:00,640 INFO    SenderThread:8964 [sender.py:finish():1550] shutting down sender
2023-05-08 16:11:00,640 INFO    SenderThread:8964 [file_pusher.py:finish():168] shutting down file pusher
2023-05-08 16:11:00,640 INFO    SenderThread:8964 [file_pusher.py:join():173] waiting for file pusher
